<?xml version="1.0" encoding="UTF-8"?>
<!-- Generated by org.testng.reporters.JUnitReportReporter -->
<testsuite hostname="DESKTOP-0R58R85" failures="0" tests="2" name="qaclickacademy.AppiumTest" time="0.042" errors="0" timestamp="2021-01-28T07:56:44 HNE" skipped="0">
  <testcase classname="qaclickacademy.AppiumTest" name="NativeAPpAndroid" time="0.021"/>
  <system-out/>
  <testcase classname="qaclickacademy.AppiumTest" name="IOSApps" time="0.021"/>
  <system-out/>
</testsuite> <!-- qaclickacademy.AppiumTest -->
