<?xml version="1.0" encoding="UTF-8"?>
<!-- Generated by org.testng.reporters.JUnitReportReporter -->
<testsuite hostname="DESKTOP-0R58R85" failures="0" tests="2" name="qaclickacademy.SeleniumTest" time="0.005" errors="0" timestamp="2021-01-28T08:29:46 HNE" skipped="0">
  <testcase classname="qaclickacademy.SeleniumTest" name="BrowserAUtomation" time="0.005"/>
  <system-out/>
  <testcase classname="qaclickacademy.SeleniumTest" name="elementsUi" time="0.000"/>
  <system-out/>
</testsuite> <!-- qaclickacademy.SeleniumTest -->
